<?xml version="1.0" encoding="UTF-8"?>
<testsuite name="ServiceTest" tests="3" skipped="0" failures="0" errors="0" timestamp="2023-01-14T07:48:10" hostname="RMERZLYAKOV-NB" time="0.034">
  <properties/>
  <testcase name="getByIdWithWhenTest()" classname="ServiceTest" time="0.027"/>
  <testcase name="getDataByListIdTest()" classname="ServiceTest" time="0.003"/>
  <testcase name="getByIdWithDo()" classname="ServiceTest" time="0.002"/>
  <system-out><![CDATA[]]></system-out>
  <system-err><![CDATA[]]></system-err>
</testsuite>
